<?xml version="1.0" encoding="UTF-8"?>
<!-- Generated by org.testng.reporters.JUnitReportReporter -->
<testsuite hostname="LAPTOP-D48PB34H" failures="0" tests="2" name="com.zert.java.poiexample.PetStoreTest" time="10.543" errors="0" timestamp="2022-02-27T13:04:27 AEST" skipped="0">
  <testcase classname="com.zert.java.poiexample.PetStoreTest" name="LoginTest" time="6.350"/>
  <system-out/>
  <testcase classname="com.zert.java.poiexample.PetStoreTest" name="Registration" time="4.193"/>
  <system-out/>
</testsuite> <!-- com.zert.java.poiexample.PetStoreTest -->
